<?xml version="1.0" encoding="UTF-8"?>
<!-- Generated by org.testng.reporters.JUnitReportReporter -->
<testsuite hostname="DESKTOP-P6NGEVN" failures="0" tests="1" name="Sample.Tejaclass" time="0.028" errors="0" timestamp="2023-03-24T13:29:23 IST" skipped="0">
  <testcase classname="Sample.Tejaclass" name="demo" time="0.028"/>
  <system-out/>
</testsuite> <!-- Sample.Tejaclass -->
